<?xml version="1.0" encoding="UTF-8"?>
<testng-results ignored="0" total="1" passed="1" failed="0" skipped="0">
  <reporter-output>
  </reporter-output>
  <suite started-at="2021-08-26T01:01:43Z" name="Default suite" finished-at="2021-08-26T01:01:44Z" duration-ms="1082">
    <groups>
    </groups>
    <test started-at="2021-08-26T01:01:43Z" name="Default test" finished-at="2021-08-26T01:01:44Z" duration-ms="1082">
      <class name="ExtentReportDemo">
        <test-method signature="loginTest()[pri:0, instance:ExtentReportDemo@a82c5f1]" started-at="2021-08-25T21:01:43Z" name="loginTest" finished-at="2021-08-25T21:01:44Z" duration-ms="1038" status="PASS">
          <reporter-output>
          </reporter-output>
        </test-method> <!-- loginTest -->
      </class> <!-- ExtentReportDemo -->
    </test> <!-- Default test -->
  </suite> <!-- Default suite -->
</testng-results>
